tb_uart_tx.v:85: error: Too many arguments (1, expecting 0) in call to task.
tb_uart_tx.v:101: error: Too many arguments (1, expecting 0) in call to task.
2 error(s) during elaboration.
